<?xml version="1.0" encoding="UTF-8"?>
<testsuite name="BoundedQueueTest" tests="3" skipped="0" failures="0" errors="0" timestamp="2022-01-13T19:10:36" hostname="DESKTOP-6IECT8M" time="0.027">
  <properties/>
  <testcase name="queueContainsThreeElements()" classname="BoundedQueueTest" time="0.022"/>
  <testcase name="queueContainsSpecificElement()" classname="BoundedQueueTest" time="0.002"/>
  <testcase name="queueDoesNotContainRemovedElement()" classname="BoundedQueueTest" time="0.002"/>
  <system-out><![CDATA[]]></system-out>
  <system-err><![CDATA[]]></system-err>
</testsuite>
